<?xml version="1.0" encoding="UTF-8"?>
<!-- Generated by org.testng.reporters.JUnitXMLReporter -->
<testsuite hostname="Users-MacBook-Pro.local" ignored="0" name="Default test" tests="4" failures="0" timestamp="2020-11-19T20:34:23 IST" time="14.661" errors="0">
  <testcase name="HeaderTest" time="2.493" classname="com.Tests.HomePageTest"/>
  <testcase name="checkForChatAndDate" time="4.244" classname="com.Tests.HomePageTest"/>
  <testcase name="checkForContactUsSorting" time="0.802" classname="com.Tests.HomePageTest"/>
  <testcase name="checkProductFromSearch" time="3.295" classname="com.Tests.HomePageTest"/>
</testsuite> <!-- Default test -->
