<?xml version="1.0" encoding="UTF-8"?>
<!-- Generated by org.testng.reporters.JUnitXMLReporter -->
<testsuite hostname="Users-MacBook-Pro.local" ignored="0" name="Test" tests="4" failures="0" timestamp="2020-11-19T20:36:34 IST" time="15.064" errors="0">
  <testcase name="HeaderTest" time="2.619" classname="com.Tests.HomePageTest"/>
  <testcase name="checkForChatAndDate" time="4.376" classname="com.Tests.HomePageTest"/>
  <testcase name="checkForContactUsSorting" time="0.723" classname="com.Tests.HomePageTest"/>
  <testcase name="checkProductFromSearch" time="3.316" classname="com.Tests.HomePageTest"/>
</testsuite> <!-- Test -->
