<?xml version="1.0" encoding="UTF-8"?>
<testsuite name="TestSuite" time="0.665" tests="5" errors="0" skipped="0" failures="4">
  <properties>
[...]
</properties>
  <testcase name="DateTest" classname="com.Tests.LoginTest" time="0.054">
    <failure message="Website is not showing Current Date expected [Sep 10, 2020] but found [Jul 6, 2017]" type="java.lang.AssertionError">java.lang.AssertionError: Website is not showing Current Date expected [Sep 10, 2020] but found [Jul 6, 2017]
	at org.testng.Assert.fail(Assert.java:94)
	at org.testng.Assert.failNotEquals(Assert.java:494)
	at org.testng.Assert.assertEquals(Assert.java:123)
	at org.testng.Assert.assertEquals(Assert.java:176)
	at com.Tests.LoginTest.DateTest(LoginTest.java:53)
</failure>
    <system-err><![CDATA[Starting ChromeDriver 85.0.4183.87 (cd6713ebf92fa1cacc0f1a598df280093af0c5d7-refs/branch-heads/4183@{#1689}) on port 32203
Only local connections are allowed.
Please see https://chromedriver.chromium.org/security-considerations for suggestions on keeping ChromeDriver safe.
ChromeDriver was started successfully.
]]></system-err>
  </testcase>
  <testcase name="ImageTest" classname="com.Tests.LoginTest" time="0.021"/>
  <testcase name="loginTestCheck" classname="com.Tests.LoginTest" time="0.59">
    <failure message="successful signin expected [true] but found [false]" type="java.lang.AssertionError">java.lang.AssertionError: successful signin expected [true] but found [false]
	at org.testng.Assert.fail(Assert.java:94)
	at org.testng.Assert.failNotEquals(Assert.java:494)
	at org.testng.Assert.assertEquals(Assert.java:123)
	at org.testng.Assert.assertEquals(Assert.java:286)
	at com.Tests.LoginTest.loginTestCheck(LoginTest.java:64)
</failure>
  </testcase>
  <testcase name="loginTestCheck" classname="com.Tests.LoginTest" time="0.655">
    <failure message="successful signin expected [true] but found [false]" type="java.lang.AssertionError">java.lang.AssertionError: successful signin expected [true] but found [false]
	at org.testng.Assert.fail(Assert.java:94)
	at org.testng.Assert.failNotEquals(Assert.java:494)
	at org.testng.Assert.assertEquals(Assert.java:123)
	at org.testng.Assert.assertEquals(Assert.java:286)
	at com.Tests.LoginTest.loginTestCheck(LoginTest.java:64)
</failure>
  </testcase>
  <testcase name="loginTestCheck" classname="com.Tests.LoginTest" time="0.919">
    <failure message="Un-successful signin expected [true] but found [false]" type="java.lang.AssertionError">java.lang.AssertionError: Un-successful signin expected [true] but found [false]
	at org.testng.Assert.fail(Assert.java:94)
	at org.testng.Assert.failNotEquals(Assert.java:494)
	at org.testng.Assert.assertEquals(Assert.java:123)
	at org.testng.Assert.assertEquals(Assert.java:286)
	at com.Tests.LoginTest.loginTestCheck(LoginTest.java:70)
</failure>
  </testcase>
</testsuite>